[35m[Appium][39m Welcome to Appium v1.22.3
[35m[Appium][39m Non-default server args:
[35m[Appium][39m   port: 49913
[35m[Appium][39m   loglevel: info
[35m[Appium][39m   tmpDir: C:\Users\Ganendra\AppData\Local\Temp\\Katalon\Appium\Temp1686142890848
[35m[Appium][39m   chromedriverPort: 49914
[35m[Appium][39m Deprecated server args:
[35m[Appium][39m   [31m--chromedriver-port[39m => --default-capabilities
[35m[Appium][39m Default capabilities, which will be added to each request unless overridden by desired capabilities:
[35m[Appium][39m   chromedriverPort: 49914
[35m[Appium][39m Appium REST http interface listener started on 0.0.0.0:49913
[35m[HTTP][39m [37m-->[39m [37mGET[39m [37m/wd/hub/status[39m
[35m[HTTP][39m [90m{}[39m
[35m[HTTP][39m [37m<-- GET /wd/hub/status [39m[32m200[39m [90m13 ms - 68[39m
[35m[HTTP][39m [90m[39m
[35m[HTTP][39m [37m-->[39m [37mGET[39m [37m/wd/hub/status[39m
[35m[HTTP][39m [90m{}[39m
[35m[HTTP][39m [37m<-- GET /wd/hub/status [39m[32m200[39m [90m2 ms - 68[39m
[35m[HTTP][39m [90m[39m
[35m[HTTP][39m [37m-->[39m [37mPOST[39m [37m/wd/hub/session[39m
[35m[HTTP][39m [90m{"desiredCapabilities":{"appActivity":".Settings","appPackage":"com.android.settings","newCommandTimeout":1800,"platformVersion":"13","automationName":"uiautomator2","autoGrantPermissions":true,"platformName":"Android","udid":"9325965d","deviceName":"Xiaomi Redmi Note 8 (Android 13)","platform":"ANDROID","systemPort":8251},"capabilities":{"firstMatch":[{"appium:appActivity":".Settings","appium:appPackage":"com.android.settings","appium:autoGrantPermissions":true,"appium:automationName":"uiautomator2","appium:deviceName":"Xiaomi Redmi Note 8 (Android 13)","appium:newCommandTimeout":1800,"platform":"ANDROID","platformName":"android","appium:platformVersion":"13","appium:systemPort":8251,"appium:udid":"9325965d"}]}}[39m
[35m[BaseDriver][39m The following capabilities are not standard capabilities and should have an extension prefix:
[35m[BaseDriver][39m   platform
[35m[BaseDriver][39m   chromedriverPort
[35m[Appium][39m Appium v1.22.3 creating new AndroidUiautomator2Driver (v1.70.1) session
[35m[BaseDriver][39m The following capabilities were provided, but are not recognized by Appium:
[35m[BaseDriver][39m   platform
[35m[BaseDriver][39m Session created with session id: 131b2778-e945-48d7-a393-070458c276f7
[35m[UiAutomator2][39m Starting 'com.android.settings' directly on the device
[35m[ADB][39m Found 1 'build-tools' folders under 'C:\Users\Ganendra\.katalon\tools\android_sdk' (newest first):
[35m[ADB][39m     C:/Users/Ganendra/.katalon/tools/android_sdk/build-tools/29.0.3
[35m[ADB][39m Using 'adb.exe' from 'C:\Users\Ganendra\.katalon\tools\android_sdk\platform-tools\adb.exe'
[35m[AndroidDriver][39m Retrieving device list
[35m[AndroidDriver][39m Using device: 9325965d
[35m[ADB][39m Using 'adb.exe' from 'C:\Users\Ganendra\.katalon\tools\android_sdk\platform-tools\adb.exe'
[35m[ADB][39m Getting device platform version
[35m[UiAutomator2][39m Relaxing hidden api policy
[35m[AndroidDriver][39m No app sent in, not parsing package/activity
[35m[ADB][39m Using 'apksigner.jar' from 'C:\Users\Ganendra\.katalon\tools\android_sdk\build-tools\29.0.3\lib\apksigner.jar'
[35m[ADB][39m 'C:\Users\Ganendra\AppData\Roaming\npm\node_modules\appium\node_modules\appium-uiautomator2-server\apks\appium-uiautomator2-server-v4.27.0.apk' is signed with the default certificate
[35m[ADB][39m 'C:\Users\Ganendra\AppData\Roaming\npm\node_modules\appium\node_modules\appium-uiautomator2-server\apks\appium-uiautomator2-server-debug-androidTest.apk' is signed with the default certificate
[35m[UiAutomator2][39m Server packages are not going to be (re)installed
[35m[ADB][39m Adding packages ["io.appium.settings","io.appium.uiautomator2.server","io.appium.uiautomator2.server.test"] to Doze whitelist
[35m[UiAutomator2][39m Starting UIAutomator2 server 4.27.0
[35m[UiAutomator2][39m Using UIAutomator2 server from 'C:\Users\Ganendra\AppData\Roaming\npm\node_modules\appium\node_modules\appium-uiautomator2-server\apks\appium-uiautomator2-server-v4.27.0.apk' and test from 'C:\Users\Ganendra\AppData\Roaming\npm\node_modules\appium\node_modules\appium-uiautomator2-server\apks\appium-uiautomator2-server-debug-androidTest.apk'
[35m[UiAutomator2][39m Waiting up to 30000ms for UiAutomator2 to be online...
[35m[WD Proxy][39m socket hang up
[35m[WD Proxy][39m socket hang up
[35m[WD Proxy][39m socket hang up
[35m[WD Proxy][39m Determined the downstream protocol as 'W3C'
[35m[AndroidDriver][39m Screen already unlocked, doing nothing
[35m[UiAutomator2][39m Starting 'com.android.settings/.Settings and waiting for 'com.android.settings/.Settings'
[35m[Appium][39m New AndroidUiautomator2Driver session created successfully, session 131b2778-e945-48d7-a393-070458c276f7 added to master session list
[35m[HTTP][39m [37m<-- POST /wd/hub/session [39m[32m200[39m [90m13115 ms - 1149[39m
[35m[HTTP][39m [90m[39m
[35m[HTTP][39m [37m-->[39m [37mGET[39m [37m/wd/hub/session/131b2778-e945-48d7-a393-070458c276f7[39m
[35m[HTTP][39m [90m{}[39m
[35m[HTTP][39m [37m<-- GET /wd/hub/session/131b2778-e945-48d7-a393-070458c276f7 [39m[32m200[39m [90m29 ms - 1103[39m
[35m[HTTP][39m [90m[39m
[35m[HTTP][39m [37m-->[39m [37mGET[39m [37m/wd/hub/session/131b2778-e945-48d7-a393-070458c276f7[39m
[35m[HTTP][39m [90m{}[39m
[35m[HTTP][39m [37m<-- GET /wd/hub/session/131b2778-e945-48d7-a393-070458c276f7 [39m[32m200[39m [90m18 ms - 1103[39m
[35m[HTTP][39m [90m[39m
[35m[HTTP][39m [37m-->[39m [37mGET[39m [37m/wd/hub/status[39m
[35m[HTTP][39m [90m{}[39m
[35m[HTTP][39m [37m<-- GET /wd/hub/status [39m[32m200[39m [90m2 ms - 68[39m
[35m[HTTP][39m [90m[39m
[35m[HTTP][39m [37m-->[39m [37mPOST[39m [37m/wd/hub/session/131b2778-e945-48d7-a393-070458c276f7/timeouts[39m
[35m[HTTP][39m [90m{"implicit":60000}[39m
[35m[HTTP][39m [37m<-- POST /wd/hub/session/131b2778-e945-48d7-a393-070458c276f7/timeouts [39m[32m200[39m [90m10 ms - 14[39m
[35m[HTTP][39m [90m[39m
[35m[HTTP][39m [37m-->[39m [37mGET[39m [37m/wd/hub/session/131b2778-e945-48d7-a393-070458c276f7/screenshot[39m
[35m[HTTP][39m [90m{}[39m
[35m[HTTP][39m [37m<-- GET /wd/hub/session/131b2778-e945-48d7-a393-070458c276f7/screenshot [39m[32m200[39m [90m1267 ms - 134280[39m
[35m[HTTP][39m [90m[39m
[35m[HTTP][39m [37m-->[39m [37mGET[39m [37m/wd/hub/session/131b2778-e945-48d7-a393-070458c276f7/window/rect[39m
[35m[HTTP][39m [90m{}[39m
[35m[HTTP][39m [37m<-- GET /wd/hub/session/131b2778-e945-48d7-a393-070458c276f7/window/rect [39m[32m200[39m [90m40 ms - 50[39m
[35m[HTTP][39m [90m[39m
[35m[HTTP][39m [37m-->[39m [37mGET[39m [37m/wd/hub/session/131b2778-e945-48d7-a393-070458c276f7/appium/device/system_bars[39m
[35m[HTTP][39m [90m{}[39m
[35m[HTTP][39m [37m<-- GET /wd/hub/session/131b2778-e945-48d7-a393-070458c276f7/appium/device/system_bars [39m[32m200[39m [90m191 ms - 145[39m
[35m[HTTP][39m [90m[39m
[35m[HTTP][39m [37m-->[39m [37mPOST[39m [37m/wd/hub/session/131b2778-e945-48d7-a393-070458c276f7/appium/device/activate_app[39m
[35m[HTTP][39m [90m{"bundleId":"com.loginmodule.learning"}[39m
[35m[HTTP][39m [37m<-- POST /wd/hub/session/131b2778-e945-48d7-a393-070458c276f7/appium/device/activate_app [39m[32m200[39m [90m782 ms - 14[39m
[35m[HTTP][39m [90m[39m
[35m[HTTP][39m [37m-->[39m [37mGET[39m [37m/wd/hub/session/131b2778-e945-48d7-a393-070458c276f7/source[39m
[35m[HTTP][39m [90m{}[39m
[35m[W3C (131b2778)][39m Driver proxy active, passing request on via HTTP proxy
[35m[WD Proxy][39m Replacing sessionId 99825151-8a96-4db2-b390-cd98ef9c0d6a with 131b2778-e945-48d7-a393-070458c276f7
[35m[HTTP][39m [37m<-- GET /wd/hub/session/131b2778-e945-48d7-a393-070458c276f7/source [39m[32m200[39m [90m393 ms - 7786[39m
[35m[HTTP][39m [90m[39m
[35m[HTTP][39m [37m-->[39m [37mGET[39m [37m/wd/hub/session/131b2778-e945-48d7-a393-070458c276f7/screenshot[39m
[35m[HTTP][39m [90m{}[39m
[35m[HTTP][39m [37m<-- GET /wd/hub/session/131b2778-e945-48d7-a393-070458c276f7/screenshot [39m[32m200[39m [90m793 ms - 85218[39m
[35m[HTTP][39m [90m[39m
[35m[HTTP][39m [37m-->[39m [37mGET[39m [37m/wd/hub/session/131b2778-e945-48d7-a393-070458c276f7/source[39m
[35m[HTTP][39m [90m{}[39m
[35m[W3C (131b2778)][39m Driver proxy active, passing request on via HTTP proxy
[35m[WD Proxy][39m Replacing sessionId 99825151-8a96-4db2-b390-cd98ef9c0d6a with 131b2778-e945-48d7-a393-070458c276f7
[35m[HTTP][39m [37m<-- GET /wd/hub/session/131b2778-e945-48d7-a393-070458c276f7/source [39m[32m200[39m [90m98 ms - 7378[39m
[35m[HTTP][39m [90m[39m
[35m[HTTP][39m [37m-->[39m [37mGET[39m [37m/wd/hub/session/131b2778-e945-48d7-a393-070458c276f7/screenshot[39m
[35m[HTTP][39m [90m{}[39m
[35m[HTTP][39m [37m<-- GET /wd/hub/session/131b2778-e945-48d7-a393-070458c276f7/screenshot [39m[32m200[39m [90m644 ms - 85116[39m
[35m[HTTP][39m [90m[39m
[35m[HTTP][39m [37m-->[39m [37mPOST[39m [37m/wd/hub/session/131b2778-e945-48d7-a393-070458c276f7/elements[39m
[35m[HTTP][39m [90m{"using":"xpath","value":"//*[@class = 'android.widget.EditText' and @resource-id = 'com.loginmodule.learning:id/textInputEditTextEmail' and (@text = '' or . = '')]"}[39m
[35m[HTTP][39m [37m<-- POST /wd/hub/session/131b2778-e945-48d7-a393-070458c276f7/elements [39m[32m200[39m [90m416 ms - 139[39m
[35m[HTTP][39m [90m[39m
[35m[HTTP][39m [37m-->[39m [37mGET[39m [37m/wd/hub/session/131b2778-e945-48d7-a393-070458c276f7/source[39m
[35m[HTTP][39m [90m{}[39m
[35m[W3C (131b2778)][39m Driver proxy active, passing request on via HTTP proxy
[35m[WD Proxy][39m Replacing sessionId 99825151-8a96-4db2-b390-cd98ef9c0d6a with 131b2778-e945-48d7-a393-070458c276f7
[35m[HTTP][39m [37m<-- GET /wd/hub/session/131b2778-e945-48d7-a393-070458c276f7/source [39m[32m200[39m [90m113 ms - 7378[39m
[35m[HTTP][39m [90m[39m
[35m[HTTP][39m [37m-->[39m [37mGET[39m [37m/wd/hub/session/131b2778-e945-48d7-a393-070458c276f7/screenshot[39m
[35m[HTTP][39m [90m{}[39m
[35m[HTTP][39m [37m<-- GET /wd/hub/session/131b2778-e945-48d7-a393-070458c276f7/screenshot [39m[32m200[39m [90m727 ms - 85500[39m
[35m[HTTP][39m [90m[39m
[35m[HTTP][39m [37m-->[39m [37mPOST[39m [37m/wd/hub/session/131b2778-e945-48d7-a393-070458c276f7/elements[39m
[35m[HTTP][39m [90m{"using":"xpath","value":"//*[@class = 'android.widget.EditText' and @resource-id = 'com.loginmodule.learning:id/textInputEditTextPassword' and (@text = '' or . = '')]"}[39m
[35m[HTTP][39m [37m<-- POST /wd/hub/session/131b2778-e945-48d7-a393-070458c276f7/elements [39m[32m200[39m [90m140 ms - 139[39m
[35m[HTTP][39m [90m[39m
[35m[HTTP][39m [37m-->[39m [37mPOST[39m [37m/wd/hub/session/131b2778-e945-48d7-a393-070458c276f7/elements[39m
[35m[HTTP][39m [90m{"using":"xpath","value":"//*[@class = 'android.widget.Button' and (@text = 'LOGIN' or . = 'LOGIN') and @resource-id = 'com.loginmodule.learning:id/appCompatButtonLogin']"}[39m
[35m[HTTP][39m [37m<-- POST /wd/hub/session/131b2778-e945-48d7-a393-070458c276f7/elements [39m[32m200[39m [90m83 ms - 139[39m
[35m[HTTP][39m [90m[39m
[35m[HTTP][39m [37m-->[39m [37mGET[39m [37m/wd/hub/session/131b2778-e945-48d7-a393-070458c276f7/source[39m
[35m[HTTP][39m [90m{}[39m
[35m[W3C (131b2778)][39m Driver proxy active, passing request on via HTTP proxy
[35m[WD Proxy][39m Replacing sessionId 99825151-8a96-4db2-b390-cd98ef9c0d6a with 131b2778-e945-48d7-a393-070458c276f7
[35m[HTTP][39m [37m<-- GET /wd/hub/session/131b2778-e945-48d7-a393-070458c276f7/source [39m[32m200[39m [90m86 ms - 7824[39m
[35m[HTTP][39m [90m[39m
[35m[HTTP][39m [37m-->[39m [37mGET[39m [37m/wd/hub/session/131b2778-e945-48d7-a393-070458c276f7/screenshot[39m
[35m[HTTP][39m [90m{}[39m
[35m[HTTP][39m [37m<-- GET /wd/hub/session/131b2778-e945-48d7-a393-070458c276f7/screenshot [39m[32m200[39m [90m696 ms - 150466[39m
[35m[HTTP][39m [90m[39m
[35m[HTTP][39m [37m-->[39m [37mPOST[39m [37m/wd/hub/session/131b2778-e945-48d7-a393-070458c276f7/elements[39m
[35m[HTTP][39m [90m{"using":"xpath","value":"//*[@class = 'android.widget.TextView' and (@text = 'Enter Valid Email' or . = 'Enter Valid Email')]"}[39m
[35m[HTTP][39m [37m<-- POST /wd/hub/session/131b2778-e945-48d7-a393-070458c276f7/elements [39m[32m200[39m [90m116 ms - 139[39m
[35m[HTTP][39m [90m[39m
[35m[HTTP][39m [37m-->[39m [37mGET[39m [37m/wd/hub/session/131b2778-e945-48d7-a393-070458c276f7/source[39m
[35m[HTTP][39m [90m{}[39m
[35m[W3C (131b2778)][39m Driver proxy active, passing request on via HTTP proxy
[35m[WD Proxy][39m Replacing sessionId 99825151-8a96-4db2-b390-cd98ef9c0d6a with 131b2778-e945-48d7-a393-070458c276f7
[35m[HTTP][39m [37m<-- GET /wd/hub/session/131b2778-e945-48d7-a393-070458c276f7/source [39m[32m200[39m [90m130 ms - 7835[39m
[35m[HTTP][39m [90m[39m
[35m[HTTP][39m [37m-->[39m [37mGET[39m [37m/wd/hub/session/131b2778-e945-48d7-a393-070458c276f7/screenshot[39m
[35m[HTTP][39m [90m{}[39m
[35m[HTTP][39m [37m<-- GET /wd/hub/session/131b2778-e945-48d7-a393-070458c276f7/screenshot [39m[32m200[39m [90m994 ms - 151962[39m
[35m[HTTP][39m [90m[39m
[35m[HTTP][39m [37m-->[39m [37mPOST[39m [37m/wd/hub/session/131b2778-e945-48d7-a393-070458c276f7/elements[39m
[35m[HTTP][39m [90m{"using":"xpath","value":"//*[@class = 'android.widget.TextView' and (@text = 'Enter Valid Email' or . = 'Enter Valid Email')]"}[39m
[35m[HTTP][39m [37m<-- POST /wd/hub/session/131b2778-e945-48d7-a393-070458c276f7/elements [39m[32m200[39m [90m141 ms - 139[39m
[35m[HTTP][39m [90m[39m
[35m[HTTP][39m [37m-->[39m [37mGET[39m [37m/wd/hub/session/131b2778-e945-48d7-a393-070458c276f7/source[39m
[35m[HTTP][39m [90m{}[39m
[35m[W3C (131b2778)][39m Driver proxy active, passing request on via HTTP proxy
[35m[WD Proxy][39m Replacing sessionId 99825151-8a96-4db2-b390-cd98ef9c0d6a with 131b2778-e945-48d7-a393-070458c276f7
[35m[HTTP][39m [37m<-- GET /wd/hub/session/131b2778-e945-48d7-a393-070458c276f7/source [39m[32m200[39m [90m92 ms - 8308[39m
[35m[HTTP][39m [90m[39m
[35m[HTTP][39m [37m-->[39m [37mGET[39m [37m/wd/hub/session/131b2778-e945-48d7-a393-070458c276f7/screenshot[39m
[35m[HTTP][39m [90m{}[39m
[35m[HTTP][39m [37m<-- GET /wd/hub/session/131b2778-e945-48d7-a393-070458c276f7/screenshot [39m[32m200[39m [90m678 ms - 102312[39m
[35m[HTTP][39m [90m[39m
[35m[HTTP][39m [37m-->[39m [37mPOST[39m [37m/wd/hub/session/131b2778-e945-48d7-a393-070458c276f7/elements[39m
[35m[HTTP][39m [90m{"using":"xpath","value":"//*[@class = 'android.widget.TextView' and (@text = 'Wrong Email or Password' or . = 'Wrong Email or Password') and @resource-id = 'com.loginmodule.learning:id/snackbar_text']"}[39m
[35m[HTTP][39m [37m<-- POST /wd/hub/session/131b2778-e945-48d7-a393-070458c276f7/elements [39m[32m200[39m [90m3525 ms - 139[39m
[35m[HTTP][39m [90m[39m
[35m[HTTP][39m [37m-->[39m [37mGET[39m [37m/wd/hub/session/131b2778-e945-48d7-a393-070458c276f7/source[39m
[35m[HTTP][39m [90m{}[39m
[35m[W3C (131b2778)][39m Driver proxy active, passing request on via HTTP proxy
[35m[WD Proxy][39m Replacing sessionId 99825151-8a96-4db2-b390-cd98ef9c0d6a with 131b2778-e945-48d7-a393-070458c276f7
[35m[HTTP][39m [37m<-- GET /wd/hub/session/131b2778-e945-48d7-a393-070458c276f7/source [39m[32m200[39m [90m404 ms - 47630[39m
[35m[HTTP][39m [90m[39m
[35m[HTTP][39m [37m-->[39m [37mGET[39m [37m/wd/hub/session/131b2778-e945-48d7-a393-070458c276f7/screenshot[39m
[35m[HTTP][39m [90m{}[39m
[35m[HTTP][39m [37m<-- GET /wd/hub/session/131b2778-e945-48d7-a393-070458c276f7/screenshot [39m[32m200[39m [90m836 ms - 212974[39m
[35m[HTTP][39m [90m[39m
[35m[HTTP][39m [37m-->[39m [37mPOST[39m [37m/wd/hub/session/131b2778-e945-48d7-a393-070458c276f7/elements[39m
[35m[HTTP][39m [90m{"using":"xpath","value":"//*[@class = 'android.widget.TextView' and (@text = 'All Accounts' or . = 'All Accounts')]"}[39m
[35m[HTTP][39m [37m<-- POST /wd/hub/session/131b2778-e945-48d7-a393-070458c276f7/elements [39m[32m200[39m [90m224 ms - 139[39m
[35m[HTTP][39m [90m[39m
[35m[BaseDriver][39m Shutting down because we waited 1800 seconds for a command
[35m[Appium][39m Closing session, cause was 'New Command Timeout of 1800 seconds expired. Try customizing the timeout using the 'newCommandTimeout' desired capability'
[35m[Appium][39m Removing session '131b2778-e945-48d7-a393-070458c276f7' from our master session list
[35m[UiAutomator2][39m Did not get confirmation UiAutomator2 deleteSession worked; Error was: UnknownError: An unknown server-side error occurred while processing the command. Original error: 'DELETE /' cannot be proxied to UiAutomator2 server because the instrumentation process is not running (probably crashed). Check the server log and/or the logcat output for more details
[35m[UiAutomator2][39m Unable to remove system port forward: Error executing adbExec. Original error: 'Command 'C:\\Users\\Ganendra\\.katalon\\tools\\android_sdk\\platform-tools\\adb.exe -P 5037 -s 9325965d forward --remove tcp\:8251' exited with code 1'; Command output: adb.exe: error: listener 'tcp:8251' not found
[35m[UiAutomator2][39m 
[35m[UiAutomator2][39m Restoring hidden api policy to the device default configuration
